<?xml version="1.0" encoding="UTF-8"?>
<!-- Generated by org.testng.reporters.JUnitReportReporter -->
<testsuite hostname="Praveens-MacBook-Pro.local" failures="0" tests="1" name="com.qa.tests.TestPOST" time="0.972" errors="0" timestamp="2024-05-20T18:27:46 PDT" skipped="0">
  <testcase classname="com.qa.tests.TestPOST" name="testingPost" time="0.972"/>
  <system-out/>
</testsuite> <!-- com.qa.tests.TestPOST -->
