<?xml version="1.0" encoding="UTF-8"?>
<!-- Generated by org.testng.reporters.JUnitReportReporter -->
<testsuite hostname="Praveens-MacBook-Pro.local" failures="0" tests="1" name="com.qa.tests.TestPATCH" time="0.928" errors="0" timestamp="2024-05-20T18:33:53 PDT" skipped="0">
  <testcase classname="com.qa.tests.TestPATCH" name="testingPatch" time="0.928"/>
  <system-out/>
</testsuite> <!-- com.qa.tests.TestPATCH -->
