<?xml version="1.0" encoding="UTF-8"?>
<!-- Generated by org.testng.reporters.JUnitReportReporter -->
<testsuite hostname="Praveens-MacBook-Pro.local" failures="0" tests="1" name="com.qa.tests.SDETQA_Authetication" time="0.968" errors="0" timestamp="2024-05-26T00:35:56 PDT" skipped="0">
  <testcase classname="com.qa.tests.SDETQA_Authetication" name="bearerTokenAuth" time="0.968"/>
  <system-out/>
</testsuite> <!-- com.qa.tests.SDETQA_Authetication -->
