<?xml version="1.0" encoding="UTF-8"?>
<!-- Generated by org.testng.reporters.JUnitReportReporter -->
<testsuite hostname="Praveens-MacBook-Pro.local" failures="0" tests="4" name="com.qa.tests.HTTPRequests" time="2.364" errors="0" timestamp="2024-04-19T12:34:40 PDT" skipped="0">
  <testcase classname="com.qa.tests.HTTPRequests" name="getUsers" time="0.833"/>
  <system-out/>
  <testcase classname="com.qa.tests.HTTPRequests" name="createUser" time="0.520"/>
  <system-out/>
  <testcase classname="com.qa.tests.HTTPRequests" name="updateUser" time="0.503"/>
  <system-out/>
  <testcase classname="com.qa.tests.HTTPRequests" name="daleteUser" time="0.508"/>
  <system-out/>
</testsuite> <!-- com.qa.tests.HTTPRequests -->
