<?xml version="1.0" encoding="UTF-8"?>
<!-- Generated by org.testng.reporters.JUnitReportReporter -->
<testsuite hostname="Praveens-MacBook-Pro.local" failures="0" tests="1" name="com.qa.tests.TestPUT" time="0.891" errors="0" timestamp="2024-05-20T18:31:31 PDT" skipped="0">
  <testcase classname="com.qa.tests.TestPUT" name="testingPut" time="0.891"/>
  <system-out/>
</testsuite> <!-- com.qa.tests.TestPUT -->
