<?xml version="1.0" encoding="UTF-8"?>
<!-- Generated by org.testng.reporters.JUnitReportReporter -->
<testsuite hostname="Praveens-MacBook-Pro.local" failures="0" tests="1" name="com.qa.tests.LocalGetPostPutPatchDelete" time="0.362" errors="0" timestamp="2024-05-20T21:08:22 PDT" skipped="0">
  <testcase classname="com.qa.tests.LocalGetPostPutPatchDelete" name="delete" time="0.362"/>
  <system-out/>
</testsuite> <!-- com.qa.tests.LocalGetPostPutPatchDelete -->
