<?xml version="1.0" encoding="UTF-8"?>
<!-- Generated by org.testng.reporters.JUnitReportReporter -->
<testsuite hostname="Praveens-MacBook-Pro.local" failures="0" tests="2" name="com.qa.tests.TestREST" time="0.745" errors="0" timestamp="2024-05-20T16:11:15 PDT" skipped="0">
  <testcase classname="com.qa.tests.TestREST" name="test1" time="0.493"/>
  <system-out/>
  <testcase classname="com.qa.tests.TestREST" name="test2" time="0.252"/>
  <system-out/>
</testsuite> <!-- com.qa.tests.TestREST -->
