<?xml version="1.0" encoding="UTF-8"?>
<!-- Generated by org.testng.reporters.JUnitReportReporter -->
<testsuite hostname="Praveens-MacBook-Pro.local" failures="0" tests="1" name="com.qa.tests.TestDELETE" time="0.846" errors="0" timestamp="2024-05-20T18:35:41 PDT" skipped="0">
  <testcase classname="com.qa.tests.TestDELETE" name="testingDelete" time="0.846"/>
  <system-out/>
</testsuite> <!-- com.qa.tests.TestDELETE -->
