<?xml version="1.0" encoding="UTF-8"?>
<!-- Generated by org.testng.reporters.JUnitReportReporter -->
<testsuite hostname="Praveens-MacBook-Pro.local" failures="0" tests="1" name="com.qa.tests.SDETQA_PathQueryParameters" time="1.012" errors="0" timestamp="2024-05-25T16:33:28 PDT" skipped="0">
  <testcase classname="com.qa.tests.SDETQA_PathQueryParameters" name="validateResponse" time="1.012"/>
  <system-out/>
</testsuite> <!-- com.qa.tests.SDETQA_PathQueryParameters -->
